[2022-03-28 13:06:32,905] - [INFO] - Collecting news from Yahoo website
[2022-03-28 13:06:32,906] - [INFO] - Program run at:03/28/2022, 13:06:32 
[2022-03-28 13:06:33,066] - [INFO] - Collect links from home page successful
[2022-03-28 13:27:37,455] - [INFO] - Collect all data!
[2022-03-28 13:27:37,457] - [INFO] - Created a CSV file
[2022-03-28 14:52:16,989] - [INFO] - Collecting news from Yahoo website
[2022-03-28 14:52:16,989] - [INFO] - Program run at:03/28/2022, 14:52:16 
[2022-03-28 14:52:17,153] - [INFO] - Collect links from home page successful
[2022-03-28 15:13:21,713] - [INFO] - Collect all data!
[2022-03-28 15:13:21,715] - [INFO] - Created a CSV file
[2022-03-29 10:12:01,726] - [INFO] - Collecting news from Yahoo website
[2022-03-29 10:12:01,726] - [INFO] - Program run at:03/29/2022, 10:12:01 
[2022-03-29 10:12:01,902] - [INFO] - Collect links from home page successful
[2022-03-29 10:33:10,746] - [INFO] - Collect all data!
[2022-03-29 10:33:10,758] - [INFO] - Created a CSV file
[2022-03-29 16:35:22,963] - [INFO] - Collecting news from Yahoo website
[2022-03-29 16:35:22,963] - [INFO] - Program run at:03/29/2022, 16:35:22 
[2022-03-29 16:35:23,266] - [INFO] - Collect links from home page successful
[2022-03-29 16:56:32,118] - [INFO] - Collect all data!
[2022-03-29 16:56:32,129] - [INFO] - Created a CSV file
[2022-03-29 16:56:32,129] - [INFO] - --------------------------
