[2022-03-22 15:20:02,573] - [INFO] - Date time format is correct
[2022-03-22 15:20:02,574] - [INFO] - Date time is 2022-01-30 00:00:00
[2022-03-22 15:20:03,209] - [INFO] - Download Succeed!
[2022-03-22 15:20:04,339] - [INFO] - Program run at:03/22/2022, 15:20:04 
[2022-03-22 15:20:04,339] - [INFO] - No problem with parameter!
[2022-03-22 15:20:04,340] - [INFO] - Stock name is SBI,checked from 2022-01-30
[2022-03-23 10:00:02,344] - [INFO] - Date time format is correct
[2022-03-23 10:00:02,345] - [INFO] - Date time is 2022-01-30 00:00:00
[2022-03-23 10:00:02,946] - [INFO] - Download Succeed!
[2022-03-23 10:00:04,259] - [INFO] - Program run at:03/23/2022, 10:00:04 
[2022-03-23 10:00:04,260] - [INFO] - No problem with parameter!
[2022-03-23 10:00:04,260] - [INFO] - Stock name is SBI,checked from 2022-01-30
[2022-03-24 10:00:03,016] - [INFO] - Date time format is correct
[2022-03-24 10:00:03,017] - [INFO] - Date time is 2022-01-30 00:00:00
[2022-03-24 10:00:03,885] - [INFO] - Download Succeed!
[2022-03-24 10:00:05,429] - [INFO] - Program run at:03/24/2022, 10:00:05 
[2022-03-24 10:00:05,431] - [INFO] - No problem with parameter!
[2022-03-24 10:00:05,432] - [INFO] - Stock name is SBI,checked from 2022-01-30
[2022-03-25 10:00:02,270] - [INFO] - Date time format is correct
[2022-03-25 10:00:02,272] - [INFO] - Date time is 2022-01-30 00:00:00
[2022-03-25 10:00:03,257] - [INFO] - Download Succeed!
[2022-03-25 10:00:04,805] - [INFO] - Program run at:03/25/2022, 10:00:04 
[2022-03-25 10:00:04,805] - [INFO] - No problem with parameter!
[2022-03-25 10:00:04,805] - [INFO] - Stock name is SBI,checked from 2022-01-30
