[2022-03-29 10:55:30,861] - [INFO] - Collecting news from Yahoo website
[2022-03-29 10:55:30,861] - [INFO] - Program run at:03/29/2022, 10:55:30 
[2022-03-29 11:17:49,101] - [INFO] - Collecting news from Hoya Company website
[2022-03-29 11:17:49,101] - [INFO] - Program run at:03/29/2022, 11:17:49 
[2022-03-29 11:30:29,445] - [INFO] - Collecting news from Hoya Company website
[2022-03-29 11:30:29,445] - [INFO] - Program run at:03/29/2022, 11:30:29 
[2022-03-29 11:33:54,543] - [INFO] - Collecting news from Hoya Company website
[2022-03-29 11:33:54,543] - [INFO] - Program run at:03/29/2022, 11:33:54 
[2022-03-29 11:34:12,160] - [INFO] - Collecting news from Hoya Company website
[2022-03-29 11:34:12,160] - [INFO] - Program run at:03/29/2022, 11:34:12 
[2022-03-29 11:38:15,617] - [INFO] - Collecting news from Hoya Company website
[2022-03-29 11:38:15,617] - [INFO] - Program run at:03/29/2022, 11:38:15 
[2022-03-29 11:45:59,542] - [INFO] - Collecting news from Hoya Company website
[2022-03-29 11:45:59,542] - [INFO] - Program run at:03/29/2022, 11:45:59 
[2022-03-29 11:46:30,970] - [INFO] - Collecting news from Hoya Company website
[2022-03-29 11:46:30,970] - [INFO] - Program run at:03/29/2022, 11:46:30 
[2022-03-29 11:54:35,409] - [INFO] - Collecting news from Hoya Company website
[2022-03-29 11:54:35,409] - [INFO] - Program run at:03/29/2022, 11:54:35 
[2022-03-29 11:54:57,273] - [INFO] - Collecting news from Hoya Company website
[2022-03-29 11:54:57,281] - [INFO] - Program run at:03/29/2022, 11:54:57 
[2022-03-29 11:54:57,535] - [INFO] - Finished!
[2022-03-29 13:12:44,658] - [INFO] - Collecting news from Hoya Company website
[2022-03-29 13:12:44,658] - [INFO] - Program run at:03/29/2022, 13:12:44 
[2022-03-29 13:12:45,021] - [INFO] - Finished!
[2022-03-29 13:13:37,884] - [INFO] - Collecting news from Hoya Company website
[2022-03-29 13:13:37,884] - [INFO] - Program run at:03/29/2022, 13:13:37 
[2022-03-29 13:13:38,161] - [INFO] - Finished!
[2022-03-29 13:17:46,820] - [INFO] - Collecting news from Hoya Company website
[2022-03-29 13:17:46,820] - [INFO] - Program run at:03/29/2022, 13:17:46 
[2022-03-29 13:17:47,070] - [INFO] - Finished!
[2022-03-29 13:17:47,268] - [INFO] - PDF links get already
[2022-03-29 13:18:47,940] - [INFO] - PDF links get already
[2022-03-29 13:19:48,196] - [INFO] - PDF links get already
[2022-03-29 13:20:48,433] - [INFO] - PDF links get already
[2022-03-29 13:21:48,741] - [INFO] - PDF links get already
[2022-03-29 13:22:43,913] - [INFO] - Collecting news from Hoya Company website
[2022-03-29 13:22:43,913] - [INFO] - Program run at:03/29/2022, 13:22:43 
[2022-03-29 13:22:44,251] - [INFO] - Finished!
[2022-03-29 13:22:44,546] - [INFO] - PDF links get already
[2022-03-29 13:23:44,935] - [INFO] - PDF links get already
[2022-03-29 13:24:45,147] - [INFO] - PDF links get already
[2022-03-29 13:25:45,400] - [INFO] - PDF links get already
[2022-03-29 13:26:45,649] - [INFO] - PDF links get already
[2022-03-29 13:27:45,954] - [INFO] - PDF links get already
[2022-03-29 13:31:08,178] - [INFO] - Collecting news from Hoya Company website
[2022-03-29 13:31:08,178] - [INFO] - Program run at:03/29/2022, 13:31:08 
[2022-03-29 13:31:08,579] - [INFO] - Finished!
[2022-03-29 13:31:08,882] - [INFO] - PDF links get already
[2022-03-29 13:31:39,054] - [INFO] - PDF links get already
[2022-03-29 13:32:09,331] - [INFO] - PDF links get already
[2022-03-29 13:32:39,618] - [INFO] - PDF links get already
[2022-03-29 13:33:09,925] - [INFO] - PDF links get already
[2022-03-29 13:33:40,093] - [INFO] - PDF links get already
[2022-03-29 13:35:03,476] - [INFO] - Collecting news from Hoya Company website
[2022-03-29 13:35:03,476] - [INFO] - Program run at:03/29/2022, 13:35:03 
[2022-03-29 13:35:04,532] - [INFO] - Finished!
[2022-03-29 13:35:04,843] - [INFO] - PDF links get already
[2022-03-29 13:35:20,247] - [INFO] - PDF links get already
[2022-03-29 13:35:35,434] - [INFO] - PDF links get already
[2022-03-29 13:35:50,695] - [INFO] - PDF links get already
[2022-03-29 13:36:06,088] - [INFO] - PDF links get already
[2022-03-29 13:36:21,289] - [INFO] - PDF links get already
[2022-03-29 13:39:45,147] - [INFO] - Collecting news from Hoya Company website
[2022-03-29 13:39:45,147] - [INFO] - Program run at:03/29/2022, 13:39:45 
[2022-03-29 13:39:45,436] - [INFO] - Finished!
[2022-03-29 13:41:57,799] - [INFO] - Collecting news from Hoya Company website
[2022-03-29 13:41:57,799] - [INFO] - Program run at:03/29/2022, 13:41:57 
[2022-03-29 13:41:58,530] - [INFO] - Finished!
[2022-03-29 13:42:13,592] - [INFO] - Collecting news from Hoya Company website
[2022-03-29 13:42:13,592] - [INFO] - Program run at:03/29/2022, 13:42:13 
[2022-03-29 13:42:14,245] - [INFO] - Finished!
[2022-03-29 13:46:16,065] - [INFO] - Collecting news from Hoya Company website
[2022-03-29 13:46:16,065] - [INFO] - Program run at:03/29/2022, 13:46:16 
[2022-03-29 13:46:16,280] - [INFO] - Finished!
[2022-03-29 13:48:52,587] - [INFO] - Collecting news from Hoya Company website
[2022-03-29 13:48:52,587] - [INFO] - Program run at:03/29/2022, 13:48:52 
[2022-03-29 13:48:54,082] - [INFO] - Finished!
[2022-03-29 13:50:18,232] - [INFO] - Collecting news from Hoya Company website
[2022-03-29 13:50:18,232] - [INFO] - Program run at:03/29/2022, 13:50:18 
[2022-03-29 13:50:18,405] - [INFO] - Finished!
[2022-03-29 13:54:28,651] - [INFO] - Collecting news from Hoya Company website
[2022-03-29 13:54:28,651] - [INFO] - Program run at:03/29/2022, 13:54:28 
[2022-03-29 13:54:28,926] - [INFO] - Finished!
[2022-03-29 13:54:59,369] - [INFO] - Collecting news from Hoya Company website
[2022-03-29 13:54:59,369] - [INFO] - Program run at:03/29/2022, 13:54:59 
[2022-03-29 13:54:59,621] - [INFO] - Finished!
[2022-03-29 13:55:35,350] - [INFO] - Collecting news from Hoya Company website
[2022-03-29 13:55:35,350] - [INFO] - Program run at:03/29/2022, 13:55:35 
[2022-03-29 13:55:35,828] - [INFO] - Finished!
[2022-03-29 13:57:22,413] - [INFO] - Collecting news from Hoya Company website
[2022-03-29 13:57:22,414] - [INFO] - Program run at:03/29/2022, 13:57:22 
[2022-03-29 13:57:23,230] - [INFO] - Finished!
[2022-03-29 13:59:05,777] - [INFO] - Collecting news from Hoya Company website
[2022-03-29 13:59:05,777] - [INFO] - Program run at:03/29/2022, 13:59:05 
[2022-03-29 13:59:06,024] - [INFO] - Finished!
[2022-03-29 14:01:07,326] - [INFO] - Collecting news from Hoya Company website
[2022-03-29 14:01:07,326] - [INFO] - Program run at:03/29/2022, 14:01:07 
[2022-03-29 14:01:07,582] - [INFO] - Finished!
[2022-03-29 14:03:29,527] - [INFO] - Collecting news from Hoya Company website
[2022-03-29 14:03:29,527] - [INFO] - Program run at:03/29/2022, 14:03:29 
[2022-03-29 14:03:29,844] - [INFO] - Finished!
[2022-03-29 14:03:29,851] - [INFO] - https://www.hoya.co.jp/investor/kessan.html
[2022-03-29 14:03:30,259] - [INFO] - https://www.hoya.co.jp/investor/yuho.html
[2022-03-29 14:03:31,020] - [INFO] - https://www.hoya.co.jp/investor/internalcontrol.html
[2022-03-29 14:03:31,599] - [INFO] - https://www.hoya.co.jp/investor/annual.html
[2022-03-29 14:03:33,443] - [INFO] - https://www.hoya.co.jp/investor/ifrs.html
[2022-03-29 14:03:33,803] - [INFO] - https://www.hoya.co.jp/investor/fact.html
[2022-03-29 14:07:24,224] - [INFO] - Collecting news from Hoya Company website
[2022-03-29 14:07:24,224] - [INFO] - Program run at:03/29/2022, 14:07:24 
[2022-03-29 14:07:24,560] - [INFO] - Finished!
[2022-03-29 14:07:24,572] - [INFO] - https://www.hoya.co.jp/investor/kessan.html
[2022-03-29 14:07:24,830] - [INFO] - https://www.hoya.co.jp/investor/yuho.html
[2022-03-29 14:07:25,088] - [INFO] - https://www.hoya.co.jp/investor/internalcontrol.html
[2022-03-29 14:07:25,350] - [INFO] - https://www.hoya.co.jp/investor/annual.html
[2022-03-29 14:07:25,671] - [INFO] - https://www.hoya.co.jp/investor/ifrs.html
[2022-03-29 14:07:25,947] - [INFO] - https://www.hoya.co.jp/investor/fact.html
[2022-03-29 14:08:35,624] - [INFO] - Collecting news from Hoya Company website
[2022-03-29 14:08:35,624] - [INFO] - Program run at:03/29/2022, 14:08:35 
[2022-03-29 14:08:35,889] - [INFO] - Finished!
[2022-03-29 14:08:35,891] - [INFO] - https://www.hoya.co.jp/investor/kessan.html
[2022-03-29 14:08:36,102] - [INFO] - https://www.hoya.co.jp/investor/yuho.html
[2022-03-29 14:08:36,302] - [INFO] - https://www.hoya.co.jp/investor/internalcontrol.html
[2022-03-29 14:08:36,634] - [INFO] - https://www.hoya.co.jp/investor/annual.html
[2022-03-29 14:08:36,868] - [INFO] - https://www.hoya.co.jp/investor/ifrs.html
[2022-03-29 14:08:37,104] - [INFO] - https://www.hoya.co.jp/investor/fact.html
[2022-03-29 14:11:18,900] - [INFO] - Collecting news from Hoya Company website
[2022-03-29 14:11:18,900] - [INFO] - Program run at:03/29/2022, 14:11:18 
[2022-03-29 14:11:19,173] - [INFO] - Finished!
[2022-03-29 14:11:19,173] - [INFO] - https://www.hoya.co.jp/investor/kessan.html
[2022-03-29 14:11:19,425] - [INFO] - https://www.hoya.co.jp/investor/yuho.html
[2022-03-29 14:11:19,741] - [INFO] - https://www.hoya.co.jp/investor/internalcontrol.html
[2022-03-29 14:11:19,980] - [INFO] - https://www.hoya.co.jp/investor/annual.html
[2022-03-29 14:11:20,226] - [INFO] - https://www.hoya.co.jp/investor/ifrs.html
[2022-03-29 14:11:20,437] - [INFO] - https://www.hoya.co.jp/investor/fact.html
[2022-03-29 14:16:57,386] - [INFO] - Collecting news from Hoya Company website
[2022-03-29 14:16:57,386] - [INFO] - Program run at:03/29/2022, 14:16:57 
[2022-03-29 14:16:57,884] - [INFO] - Finished!
[2022-03-29 14:16:57,884] - [INFO] - https://www.hoya.co.jp/investor/kessan.html
[2022-03-29 14:16:58,067] - [INFO] - https://www.hoya.co.jp/investor/yuho.html
[2022-03-29 14:16:58,235] - [INFO] - https://www.hoya.co.jp/investor/internalcontrol.html
[2022-03-29 14:16:58,391] - [INFO] - https://www.hoya.co.jp/investor/annual.html
[2022-03-29 14:16:58,655] - [INFO] - https://www.hoya.co.jp/investor/ifrs.html
[2022-03-29 14:16:58,896] - [INFO] - https://www.hoya.co.jp/investor/fact.html
[2022-03-29 14:36:02,796] - [INFO] - Collecting news from Hoya Company website
[2022-03-29 14:36:02,796] - [INFO] - Program run at:03/29/2022, 14:36:02 
[2022-03-29 14:36:03,363] - [INFO] - Finished!
[2022-03-29 14:36:03,363] - [INFO] - https://www.hoya.co.jp/investor/kessan.html
[2022-03-29 14:37:03,095] - [INFO] - Collecting news from Hoya Company website
[2022-03-29 14:37:03,095] - [INFO] - Program run at:03/29/2022, 14:37:03 
[2022-03-29 14:37:03,277] - [INFO] - Finished!
[2022-03-29 14:37:03,277] - [INFO] - https://www.hoya.co.jp/investor/kessan.html
[2022-03-29 14:37:24,415] - [INFO] - Collecting news from Hoya Company website
[2022-03-29 14:37:24,415] - [INFO] - Program run at:03/29/2022, 14:37:24 
[2022-03-29 14:37:25,121] - [INFO] - Finished!
[2022-03-29 14:37:25,121] - [INFO] - https://www.hoya.co.jp/investor/kessan.html
[2022-03-29 14:42:41,290] - [INFO] - Collecting news from Hoya Company website
[2022-03-29 14:42:41,290] - [INFO] - Program run at:03/29/2022, 14:42:41 
[2022-03-29 14:42:41,631] - [INFO] - Finished!
[2022-03-29 14:42:41,631] - [INFO] - https://www.hoya.co.jp/investor/kessan.html
[2022-03-29 14:47:57,035] - [INFO] - Collecting news from Hoya Company website
[2022-03-29 14:47:57,035] - [INFO] - Program run at:03/29/2022, 14:47:57 
[2022-03-29 14:47:57,308] - [INFO] - Finished!
[2022-03-29 14:47:57,319] - [INFO] - https://www.hoya.co.jp/investor/kessan.html
[2022-03-29 14:48:50,218] - [INFO] - Collecting news from Hoya Company website
[2022-03-29 14:48:50,218] - [INFO] - Program run at:03/29/2022, 14:48:50 
[2022-03-29 14:48:51,008] - [INFO] - Finished!
[2022-03-29 14:48:51,008] - [INFO] - https://www.hoya.co.jp/investor/kessan.html
[2022-03-29 14:49:46,491] - [INFO] - Collecting news from Hoya Company website
[2022-03-29 14:49:46,491] - [INFO] - Program run at:03/29/2022, 14:49:46 
[2022-03-29 14:49:46,691] - [INFO] - Finished!
[2022-03-29 14:49:46,704] - [INFO] - https://www.hoya.co.jp/investor/kessan.html
[2022-03-29 14:52:59,652] - [INFO] - Collecting news from Hoya Company website
[2022-03-29 14:52:59,652] - [INFO] - Program run at:03/29/2022, 14:52:59 
[2022-03-29 14:52:59,976] - [INFO] - Finished!
[2022-03-29 14:52:59,976] - [INFO] - https://www.hoya.co.jp/investor/kessan.html
[2022-03-29 14:53:14,141] - [INFO] - Collecting news from Hoya Company website
[2022-03-29 14:53:14,141] - [INFO] - Program run at:03/29/2022, 14:53:14 
[2022-03-29 14:53:14,536] - [INFO] - Finished!
[2022-03-29 14:53:14,536] - [INFO] - https://www.hoya.co.jp/investor/kessan.html
[2022-03-29 14:54:11,117] - [INFO] - Collecting news from Hoya Company website
[2022-03-29 14:54:11,117] - [INFO] - Program run at:03/29/2022, 14:54:11 
[2022-03-29 14:54:11,267] - [INFO] - Finished!
[2022-03-29 14:54:11,267] - [INFO] - https://www.hoya.co.jp/investor/kessan.html
[2022-03-29 14:56:01,035] - [INFO] - Collecting news from Hoya Company website
[2022-03-29 14:56:01,035] - [INFO] - Program run at:03/29/2022, 14:56:01 
[2022-03-29 14:56:01,241] - [INFO] - Finished!
[2022-03-29 14:56:01,242] - [INFO] - https://www.hoya.co.jp/investor/kessan.html
[2022-03-29 14:59:36,032] - [INFO] - Collecting news from Hoya Company website
[2022-03-29 14:59:36,032] - [INFO] - Program run at:03/29/2022, 14:59:36 
[2022-03-29 14:59:36,282] - [INFO] - Finished!
[2022-03-29 14:59:36,282] - [INFO] - https://www.hoya.co.jp/investor/kessan.html
[2022-03-29 15:00:24,500] - [INFO] - Collecting news from Hoya Company website
[2022-03-29 15:00:24,500] - [INFO] - Program run at:03/29/2022, 15:00:24 
[2022-03-29 15:00:24,758] - [INFO] - Finished!
[2022-03-29 15:00:24,758] - [INFO] - https://www.hoya.co.jp/investor/kessan.html
[2022-03-29 15:05:05,283] - [INFO] - Collecting news from Hoya Company website
[2022-03-29 15:05:05,283] - [INFO] - Program run at:03/29/2022, 15:05:05 
[2022-03-29 15:05:06,342] - [INFO] - Finished!
[2022-03-29 15:05:06,351] - [INFO] - https://www.hoya.co.jp/investor/kessan.html
[2022-03-29 15:05:37,382] - [INFO] - Collecting news from Hoya Company website
[2022-03-29 15:05:37,382] - [INFO] - Program run at:03/29/2022, 15:05:37 
[2022-03-29 15:05:38,470] - [INFO] - Finished!
[2022-03-29 15:05:38,470] - [INFO] - https://www.hoya.co.jp/investor/kessan.html
[2022-03-29 15:06:14,152] - [INFO] - Collecting news from Hoya Company website
[2022-03-29 15:06:14,152] - [INFO] - Program run at:03/29/2022, 15:06:14 
[2022-03-29 15:06:14,597] - [INFO] - Finished!
[2022-03-29 15:06:14,597] - [INFO] - https://www.hoya.co.jp/investor/kessan.html
[2022-03-29 15:06:28,637] - [INFO] - Collecting news from Hoya Company website
[2022-03-29 15:06:28,637] - [INFO] - Program run at:03/29/2022, 15:06:28 
[2022-03-29 15:06:29,321] - [INFO] - Finished!
[2022-03-29 15:06:29,321] - [INFO] - https://www.hoya.co.jp/investor/kessan.html
[2022-03-29 15:07:13,359] - [INFO] - Collecting news from Hoya Company website
[2022-03-29 15:07:13,359] - [INFO] - Program run at:03/29/2022, 15:07:13 
[2022-03-29 15:07:13,878] - [INFO] - Finished!
[2022-03-29 15:07:13,883] - [INFO] - https://www.hoya.co.jp/investor/kessan.html
[2022-03-29 15:07:33,723] - [INFO] - Collecting news from Hoya Company website
[2022-03-29 15:07:33,723] - [INFO] - Program run at:03/29/2022, 15:07:33 
[2022-03-29 15:07:34,474] - [INFO] - Finished!
[2022-03-29 15:07:34,474] - [INFO] - https://www.hoya.co.jp/investor/kessan.html
[2022-03-29 15:07:45,950] - [INFO] - Collecting news from Hoya Company website
[2022-03-29 15:07:45,950] - [INFO] - Program run at:03/29/2022, 15:07:45 
[2022-03-29 15:07:46,160] - [INFO] - Finished!
[2022-03-29 15:07:46,160] - [INFO] - https://www.hoya.co.jp/investor/kessan.html
[2022-03-29 15:08:45,140] - [INFO] - Collecting news from Hoya Company website
[2022-03-29 15:08:45,140] - [INFO] - Program run at:03/29/2022, 15:08:45 
[2022-03-29 15:08:46,395] - [INFO] - Finished!
[2022-03-29 15:08:46,395] - [INFO] - https://www.hoya.co.jp/investor/kessan.html
[2022-03-29 15:12:53,076] - [INFO] - Collecting news from Hoya Company website
[2022-03-29 15:12:53,076] - [INFO] - Program run at:03/29/2022, 15:12:53 
[2022-03-29 15:12:53,247] - [INFO] - Finished!
[2022-03-29 15:12:53,260] - [INFO] - https://www.hoya.co.jp/investor/kessan.html
[2022-03-29 15:21:53,103] - [INFO] - Collecting news from Hoya Company website
[2022-03-29 15:21:53,103] - [INFO] - Program run at:03/29/2022, 15:21:53 
[2022-03-29 15:21:53,504] - [INFO] - Finished!
[2022-03-29 15:21:53,504] - [INFO] - https://www.hoya.co.jp/investor/kessan.html
[2022-03-29 15:22:10,637] - [INFO] - Collecting news from Hoya Company website
[2022-03-29 15:22:10,637] - [INFO] - Program run at:03/29/2022, 15:22:10 
[2022-03-29 15:22:10,803] - [INFO] - Finished!
[2022-03-29 15:22:10,803] - [INFO] - https://www.hoya.co.jp/investor/kessan.html
[2022-03-29 15:23:47,871] - [INFO] - Collecting news from Hoya Company website
[2022-03-29 15:23:47,871] - [INFO] - Program run at:03/29/2022, 15:23:47 
[2022-03-29 15:23:48,065] - [INFO] - Finished!
[2022-03-29 15:23:48,065] - [INFO] - https://www.hoya.co.jp/investor/kessan.html
[2022-03-29 15:26:30,824] - [INFO] - Collecting news from Hoya Company website
[2022-03-29 15:26:30,824] - [INFO] - Program run at:03/29/2022, 15:26:30 
[2022-03-29 15:26:31,123] - [INFO] - Finished!
[2022-03-29 15:26:31,123] - [INFO] - https://www.hoya.co.jp/investor/kessan.html
[2022-03-29 15:29:22,231] - [INFO] - Collecting news from Hoya Company website
[2022-03-29 15:29:22,231] - [INFO] - Program run at:03/29/2022, 15:29:22 
[2022-03-29 15:29:22,881] - [INFO] - Finished!
[2022-03-29 15:29:22,881] - [INFO] - https://www.hoya.co.jp/investor/kessan.html
[2022-03-29 15:39:25,487] - [INFO] - Collecting news from Toyota Company website
[2022-03-29 15:39:25,487] - [INFO] - Program run at:03/29/2022, 15:39:25 
[2022-03-29 15:39:25,860] - [INFO] - Finished!
[2022-03-29 15:39:52,442] - [INFO] - Collecting news from Toyota Company website
[2022-03-29 15:39:52,442] - [INFO] - Program run at:03/29/2022, 15:39:52 
[2022-03-29 15:39:52,857] - [INFO] - Finished!
[2022-03-29 15:40:53,395] - [INFO] - Collecting news from Toyota Company website
[2022-03-29 15:40:53,395] - [INFO] - Program run at:03/29/2022, 15:40:53 
[2022-03-29 15:40:53,775] - [INFO] - Finished!
[2022-03-29 15:40:59,182] - [INFO] - Collecting news from Toyota Company website
[2022-03-29 15:40:59,182] - [INFO] - Program run at:03/29/2022, 15:40:59 
[2022-03-29 15:52:04,644] - [INFO] - Collecting news from Hoya Company website
[2022-03-29 15:52:04,644] - [INFO] - Program run at:03/29/2022, 15:52:04 
[2022-03-29 15:52:04,956] - [INFO] - Finished!
[2022-03-29 15:52:04,956] - [INFO] - https://www.hoya.co.jp/investor/kessan.html
[2022-03-29 16:14:41,632] - [INFO] - Collecting news from Hoya Company website
[2022-03-29 16:14:41,632] - [INFO] - Program run at:03/29/2022, 16:14:41 
[2022-03-29 16:14:42,187] - [INFO] - Finished!
[2022-03-29 16:14:42,187] - [INFO] - https://www.hoya.co.jp/investor/kessan.html
[2022-03-29 16:23:29,608] - [INFO] - Collecting news from Hoya Company website
[2022-03-29 16:23:29,608] - [INFO] - Program run at:03/29/2022, 16:23:29 
[2022-03-29 16:23:29,783] - [INFO] - Finished!
[2022-03-29 16:23:29,783] - [INFO] - https://www.hoya.co.jp/investor/kessan.html
[2022-03-29 16:24:50,055] - [INFO] - Collecting news from Hoya Company website
[2022-03-29 16:24:50,067] - [INFO] - Program run at:03/29/2022, 16:24:50 
[2022-03-29 16:24:50,340] - [INFO] - Finished!
[2022-03-29 16:24:50,340] - [INFO] - https://www.hoya.co.jp/investor/kessan.html
[2022-03-29 16:26:18,296] - [INFO] - Collecting news from Hoya Company website
[2022-03-29 16:26:18,296] - [INFO] - Program run at:03/29/2022, 16:26:18 
[2022-03-29 16:26:18,698] - [INFO] - Finished!
[2022-03-29 16:26:18,698] - [INFO] - https://www.hoya.co.jp/investor/kessan.html
[2022-03-29 16:31:41,648] - [INFO] - Collecting news from Hoya Company website
[2022-03-29 16:31:41,648] - [INFO] - Program run at:03/29/2022, 16:31:41 
[2022-03-29 16:31:42,118] - [INFO] - Finished!
[2022-03-29 16:31:42,118] - [INFO] - https://www.hoya.co.jp/investor/kessan.html
[2022-03-29 16:32:04,777] - [INFO] - Collecting news from Hoya Company website
[2022-03-29 16:32:04,777] - [INFO] - Program run at:03/29/2022, 16:32:04 
[2022-03-29 16:32:05,038] - [INFO] - Finished!
[2022-03-29 16:32:05,043] - [INFO] - https://www.hoya.co.jp/investor/kessan.html
[2022-03-29 16:51:44,363] - [INFO] - Collecting news from Hoya Company website
[2022-03-29 16:51:44,363] - [INFO] - Program run at:03/29/2022, 16:51:44 
[2022-03-29 16:51:45,042] - [INFO] - Finished!
[2022-03-29 16:51:45,042] - [INFO] - https://www.hoya.co.jp/investor/kessan.html
[2022-03-29 16:52:28,749] - [INFO] - Collecting news from Hoya Company website
[2022-03-29 16:52:28,749] - [INFO] - Program run at:03/29/2022, 16:52:28 
[2022-03-29 16:52:28,944] - [INFO] - Finished!
[2022-03-29 16:52:28,944] - [INFO] - https://www.hoya.co.jp/investor/kessan.html
[2022-03-29 16:53:51,169] - [INFO] - Collecting news from Hoya Company website
[2022-03-29 16:53:51,169] - [INFO] - Program run at:03/29/2022, 16:53:51 
[2022-03-29 16:53:51,451] - [INFO] - Finished!
[2022-03-29 16:53:51,451] - [INFO] - https://www.hoya.co.jp/investor/kessan.html
[2022-03-29 16:55:30,598] - [INFO] - Collecting news from Hoya Company website
[2022-03-29 16:55:30,598] - [INFO] - Program run at:03/29/2022, 16:55:30 
[2022-03-29 16:55:30,790] - [INFO] - Finished!
[2022-03-29 16:55:30,790] - [INFO] - https://www.hoya.co.jp/investor/kessan.html
[2022-03-29 16:55:51,298] - [INFO] - Collecting news from Hoya Company website
[2022-03-29 16:55:51,299] - [INFO] - Program run at:03/29/2022, 16:55:51 
[2022-03-29 16:55:51,591] - [INFO] - Finished!
[2022-03-29 16:55:51,591] - [INFO] - https://www.hoya.co.jp/investor/kessan.html
[2022-03-29 16:59:23,467] - [INFO] - Collecting news from Hoya Company website
[2022-03-29 16:59:23,467] - [INFO] - Program run at:03/29/2022, 16:59:23 
[2022-03-29 16:59:23,848] - [INFO] - Finished!
[2022-03-29 16:59:23,848] - [INFO] - https://www.hoya.co.jp/investor/kessan.html
[2022-03-29 16:59:46,401] - [INFO] - Collecting news from Hoya Company website
[2022-03-29 16:59:46,401] - [INFO] - Program run at:03/29/2022, 16:59:46 
[2022-03-29 16:59:47,359] - [INFO] - Finished!
[2022-03-29 16:59:47,359] - [INFO] - https://www.hoya.co.jp/investor/kessan.html
[2022-03-29 17:00:51,115] - [INFO] - Collecting news from Hoya Company website
[2022-03-29 17:00:51,115] - [INFO] - Program run at:03/29/2022, 17:00:51 
[2022-03-29 17:00:51,470] - [INFO] - Finished!
[2022-03-29 17:00:51,470] - [INFO] - https://www.hoya.co.jp/investor/kessan.html
[2022-03-29 17:01:31,795] - [INFO] - Collecting news from Hoya Company website
[2022-03-29 17:01:31,795] - [INFO] - Program run at:03/29/2022, 17:01:31 
[2022-03-29 17:01:32,327] - [INFO] - Finished!
[2022-03-29 17:01:32,340] - [INFO] - https://www.hoya.co.jp/investor/kessan.html
[2022-03-29 17:01:59,952] - [INFO] - Collecting news from Hoya Company website
[2022-03-29 17:01:59,952] - [INFO] - Program run at:03/29/2022, 17:01:59 
[2022-03-29 17:02:00,427] - [INFO] - Finished!
[2022-03-29 17:02:00,428] - [INFO] - https://www.hoya.co.jp/investor/kessan.html
[2022-03-29 17:02:37,924] - [INFO] - Collecting news from Hoya Company website
[2022-03-29 17:02:37,924] - [INFO] - Program run at:03/29/2022, 17:02:37 
[2022-03-29 17:02:38,238] - [INFO] - Finished!
[2022-03-29 17:02:38,246] - [INFO] - https://www.hoya.co.jp/investor/kessan.html
[2022-03-29 17:03:45,213] - [INFO] - Collecting news from Hoya Company website
[2022-03-29 17:03:45,213] - [INFO] - Program run at:03/29/2022, 17:03:45 
[2022-03-29 17:03:45,841] - [INFO] - Finished!
[2022-03-29 17:03:45,841] - [INFO] - https://www.hoya.co.jp/investor/kessan.html
[2022-03-29 17:17:01,878] - [INFO] - Collecting news from Hoya Company website
[2022-03-29 17:17:01,878] - [INFO] - Program run at:03/29/2022, 17:17:01 
[2022-03-29 17:17:02,090] - [INFO] - Finished!
[2022-03-29 17:17:02,090] - [INFO] - https://www.hoya.co.jp/investor/kessan.html
[2022-03-29 17:18:13,646] - [INFO] - Collecting news from Hoya Company website
[2022-03-29 17:18:13,646] - [INFO] - Program run at:03/29/2022, 17:18:13 
[2022-03-29 17:18:15,999] - [INFO] - Finished!
[2022-03-29 17:18:16,001] - [INFO] - https://www.hoya.co.jp/investor/kessan.html
[2022-03-29 17:18:49,659] - [INFO] - Collecting news from Hoya Company website
[2022-03-29 17:18:49,659] - [INFO] - Program run at:03/29/2022, 17:18:49 
[2022-03-29 17:18:49,895] - [INFO] - Finished!
[2022-03-29 17:18:49,900] - [INFO] - https://www.hoya.co.jp/investor/kessan.html
[2022-03-29 17:23:33,062] - [INFO] - Collecting news from Hoya Company website
[2022-03-29 17:23:33,062] - [INFO] - Program run at:03/29/2022, 17:23:33 
[2022-03-29 17:23:33,328] - [INFO] - Finished!
[2022-03-29 17:23:33,328] - [INFO] - https://www.hoya.co.jp/investor/kessan.html
[2022-03-29 17:26:32,053] - [INFO] - Collecting news from Hoya Company website
[2022-03-29 17:26:32,053] - [INFO] - Program run at:03/29/2022, 17:26:32 
[2022-03-29 17:26:32,328] - [INFO] - Finished!
[2022-03-29 17:26:32,329] - [INFO] - https://www.hoya.co.jp/investor/kessan.html
[2022-03-29 17:29:03,250] - [INFO] - Collecting news from Hoya Company website
[2022-03-29 17:29:03,250] - [INFO] - Program run at:03/29/2022, 17:29:03 
[2022-03-29 17:29:03,505] - [INFO] - Finished!
[2022-03-29 17:29:03,514] - [INFO] - https://www.hoya.co.jp/investor/kessan.html
[2022-03-29 17:29:50,073] - [INFO] - Collecting news from Hoya Company website
[2022-03-29 17:29:50,073] - [INFO] - Program run at:03/29/2022, 17:29:50 
[2022-03-29 17:29:50,251] - [INFO] - Finished!
[2022-03-29 17:29:50,251] - [INFO] - https://www.hoya.co.jp/investor/kessan.html
[2022-03-29 17:31:25,032] - [INFO] - Collecting news from Hoya Company website
[2022-03-29 17:31:25,032] - [INFO] - Program run at:03/29/2022, 17:31:25 
[2022-03-29 17:31:25,201] - [INFO] - Finished!
[2022-03-29 17:31:25,201] - [INFO] - https://www.hoya.co.jp/investor/kessan.html
[2022-03-29 17:35:14,444] - [INFO] - Collecting news from Hoya Company website
[2022-03-29 17:35:14,444] - [INFO] - Program run at:03/29/2022, 17:35:14 
[2022-03-29 17:35:14,640] - [INFO] - Finished!
[2022-03-29 17:35:14,640] - [INFO] - https://www.hoya.co.jp/investor/kessan.html
[2022-03-29 17:38:29,359] - [INFO] - Collecting news from Hoya Company website
[2022-03-29 17:38:29,359] - [INFO] - Program run at:03/29/2022, 17:38:29 
[2022-03-29 17:38:29,658] - [INFO] - Finished!
[2022-03-29 17:38:29,658] - [INFO] - https://www.hoya.co.jp/investor/kessan.html
[2022-03-29 17:39:18,769] - [INFO] - Collecting news from Hoya Company website
[2022-03-29 17:39:18,769] - [INFO] - Program run at:03/29/2022, 17:39:18 
[2022-03-29 17:39:18,947] - [INFO] - Finished!
[2022-03-29 17:39:18,947] - [INFO] - https://www.hoya.co.jp/investor/kessan.html
[2022-03-29 17:39:40,407] - [INFO] - Collecting news from Hoya Company website
[2022-03-29 17:39:40,407] - [INFO] - Program run at:03/29/2022, 17:39:40 
[2022-03-29 17:39:40,697] - [INFO] - Finished!
[2022-03-29 17:39:40,704] - [INFO] - https://www.hoya.co.jp/investor/kessan.html
[2022-03-29 17:43:39,873] - [INFO] - Collecting news from Hoya Company website
[2022-03-29 17:43:39,873] - [INFO] - Program run at:03/29/2022, 17:43:39 
[2022-03-29 17:43:40,060] - [INFO] - Finished!
[2022-03-29 17:43:40,064] - [INFO] - https://www.hoya.co.jp/investor/kessan.html
